2025-10-16 15:40:52,828 - modules.mqtt_client - INFO - Conectando ao broker 147.1.5.238:1883...
2025-10-16 15:40:52,849 - modules.mqtt_client - INFO - Loop MQTT iniciado
2025-10-16 15:40:52,912 - modules.mqtt_client - WARNING - Desconexão inesperada (código 5). Tentando reconectar...
2025-10-16 15:40:53,925 - modules.mqtt_client - WARNING - Desconexão inesperada (código 5). Tentando reconectar...
2025-10-16 15:40:55,939 - modules.mqtt_client - WARNING - Desconexão inesperada (código 5). Tentando reconectar...
2025-10-16 15:40:59,953 - modules.mqtt_client - WARNING - Desconexão inesperada (código 5). Tentando reconectar...
2025-10-16 15:41:07,977 - modules.mqtt_client - WARNING - Desconexão inesperada (código 5). Tentando reconectar...
2025-10-16 15:41:24,003 - modules.mqtt_client - WARNING - Desconexão inesperada (código 5). Tentando reconectar...
2025-10-16 15:41:28,006 - modules.mqtt_client - INFO - Cliente MQTT encerrado
2025-10-16 15:41:57,971 - modules.mqtt_client - INFO - Conectando ao broker 147.1.5.238:1883...
2025-10-16 15:41:57,980 - modules.mqtt_client - INFO - Loop MQTT iniciado
2025-10-16 15:41:57,996 - modules.mqtt_client - WARNING - Desconexão inesperada (código 5). Tentando reconectar...
2025-10-16 15:41:59,015 - modules.mqtt_client - WARNING - Desconexão inesperada (código 5). Tentando reconectar...
2025-10-16 15:42:01,036 - modules.mqtt_client - WARNING - Desconexão inesperada (código 5). Tentando reconectar...
2025-10-16 15:42:05,086 - modules.mqtt_client - WARNING - Desconexão inesperada (código 5). Tentando reconectar...
2025-10-16 15:42:13,119 - modules.mqtt_client - WARNING - Desconexão inesperada (código 5). Tentando reconectar...
2025-10-16 15:42:29,151 - modules.mqtt_client - WARNING - Desconexão inesperada (código 5). Tentando reconectar...
2025-10-16 15:43:01,178 - modules.mqtt_client - WARNING - Desconexão inesperada (código 5). Tentando reconectar...
2025-10-16 15:44:05,218 - modules.mqtt_client - WARNING - Desconexão inesperada (código 5). Tentando reconectar...
2025-10-16 15:46:05,232 - modules.mqtt_client - WARNING - Desconexão inesperada (código 5). Tentando reconectar...
2025-10-16 15:48:05,239 - modules.mqtt_client - WARNING - Desconexão inesperada (código 5). Tentando reconectar...
2025-10-16 15:50:05,269 - modules.mqtt_client - WARNING - Desconexão inesperada (código 5). Tentando reconectar...
2025-10-16 15:52:05,289 - modules.mqtt_client - WARNING - Desconexão inesperada (código 5). Tentando reconectar...
2025-10-16 15:54:05,327 - modules.mqtt_client - WARNING - Desconexão inesperada (código 5). Tentando reconectar...
2025-10-16 15:56:05,379 - modules.mqtt_client - WARNING - Desconexão inesperada (código 5). Tentando reconectar...
2025-10-16 15:58:05,404 - modules.mqtt_client - WARNING - Desconexão inesperada (código 5). Tentando reconectar...
2025-10-16 16:00:05,423 - modules.mqtt_client - WARNING - Desconexão inesperada (código 5). Tentando reconectar...
2025-10-16 16:02:05,442 - modules.mqtt_client - WARNING - Desconexão inesperada (código 5). Tentando reconectar...
2025-10-16 16:04:05,492 - modules.mqtt_client - WARNING - Desconexão inesperada (código 5). Tentando reconectar...
2025-10-16 16:13:25,153 - modules.mqtt_client - WARNING - Desconexão inesperada (código 5). Tentando reconectar...
2025-10-16 16:13:42,176 - modules.mqtt_client - INFO - Cliente MQTT encerrado
2025-10-16 16:14:40,718 - modules.mqtt_client - INFO - Conectando ao broker 147.1.5.238:1883...
2025-10-16 16:14:40,731 - modules.mqtt_client - INFO - Loop MQTT iniciado
2025-10-16 16:14:40,732 - modules.mqtt_client - INFO - [OK] Conectado ao broker MQTT: 147.1.5.238:1883
2025-10-16 16:14:40,733 - modules.mqtt_client - INFO - [OK] Subscrito ao tópico: jaka/monitor (QoS 1)
2025-10-16 16:35:50,719 - modules.mqtt_client - INFO - Conectando ao broker 147.1.5.238:1883...
2025-10-16 16:35:50,754 - modules.mqtt_client - INFO - Loop MQTT iniciado
2025-10-16 16:35:50,755 - modules.mqtt_client - INFO - [OK] Conectado ao broker MQTT: 147.1.5.238:1883
2025-10-16 16:35:50,755 - modules.mqtt_client - INFO - [OK] Subscrito ao tópico: jaka/monitor (QoS 1)
